<?xml version="1.0" encoding="UTF-8"?>
<!-- Generated by org.testng.reporters.JUnitReportReporter -->
<testsuite hostname="L-ATE-51HYQV3" failures="0" tests="2" name="test.day2" time="0.002" errors="0" timestamp="2024-04-08T13:53:21 MESZ" skipped="0">
  <testcase classname="test.day2" name="Ploan" time="0.000"/>
  <testcase classname="test.day2" name="Ploan" time="0.002"/>
</testsuite> <!-- test.day2 -->
