<?xml version="1.0" encoding="UTF-8"?>
<!-- Generated by org.testng.reporters.JUnitReportReporter -->
<testsuite hostname="L-ATE-51HYQV3" failures="0" tests="3" name="test.day1" time="0.003" errors="0" timestamp="2024-04-08T13:53:21 MESZ" skipped="2">
  <testcase classname="test.day1" name="SecondTest" time="0.003"/>
  <testcase classname="test.day1" name="Demo">
    <skipped/>
  </testcase> <!-- Demo -->
  <testcase classname="test.day1" name="Demo">
    <skipped/>
  </testcase> <!-- Demo -->
</testsuite> <!-- test.day1 -->
