<?xml version="1.0" encoding="UTF-8"?>
<!-- Generated by org.testng.reporters.JUnitReportReporter -->
<testsuite hostname="L-ATE-51HYQV3" failures="0" tests="6" name="test.day3" time="0.011" errors="0" timestamp="2024-04-08T13:53:21 MESZ" skipped="0">
  <testcase classname="test.day3" name="WebloginHomeLoan" time="0.001"/>
  <testcase classname="test.day3" name="WebloginHomeLoan" time="0.000"/>
  <testcase classname="test.day3" name="LoginAPIHomeLoan" time="0.006"/>
  <testcase classname="test.day3" name="MobileLoginHomeLoan" time="0.000"/>
  <testcase classname="test.day3" name="MobileLoginHomeLoan" time="0.000"/>
  <testcase classname="test.day3" name="MobileLoginHomeLoan" time="0.004"/>
</testsuite> <!-- test.day3 -->
