<?xml version="1.0" encoding="UTF-8"?>
<!-- Generated by org.testng.reporters.JUnitReportReporter -->
<testsuite hostname="L-ATE-51HYQV3" failures="0" tests="6" name="test.day4" time="0.003" errors="0" timestamp="2024-04-08T13:53:21 MESZ" skipped="0">
  <testcase classname="test.day4" name="WebLoginCarLoan" time="0.000"/>
  <testcase classname="test.day4" name="LoginCarLoanSmoke" time="0.000"/>
  <testcase classname="test.day4" name="LoginCarLoanSmoke" time="0.002"/>
  <testcase classname="test.day4" name="MobileLoginCarLoan" time="0.000"/>
  <testcase classname="test.day4" name="MobileLoginCarLoan" time="0.001"/>
  <testcase classname="test.day4" name="LoginAPICarLoan" time="0.000"/>
</testsuite> <!-- test.day4 -->
